2026-05-18 20:12:10 - arguformer - INFO - Running speaker segmentation
2026-05-18 20:12:10 - arguformer - INFO - Found 28 speaker segments
2026-05-18 20:12:17 - arguformer - INFO - Debate analysis completed successfully
2026-05-20 22:30:38 - config - INFO - Loading config from configs/default.yaml
2026-05-20 22:30:38 - config - INFO - Configuration loaded successfully
2026-05-21 01:56:53 - config - INFO - Loading config from configs/default.yaml
2026-05-21 01:56:54 - config - INFO - Configuration loaded successfully
2026-05-21 01:59:31 - config - INFO - Loading config from configs/default.yaml
2026-05-21 01:59:31 - config - INFO - Configuration loaded successfully
2026-05-21 01:59:31 - main - INFO - Initializing ArguFormer V2
2026-05-21 01:59:31 - config - INFO - Loading config from configs/default.yaml
2026-05-21 01:59:31 - config - INFO - Configuration loaded successfully
2026-05-21 01:59:31 - main - INFO - Loading transcript from data/sample_debates.txt
2026-05-21 01:59:31 - preprocessing - INFO - Starting text preprocessing
2026-05-21 01:59:31 - preprocessing - INFO - Text preprocessing completed
2026-05-21 01:59:31 - fallacy_lr - INFO - Initializing LR + TF-IDF model
2026-05-21 01:59:31 - fallacy_lr - INFO - LR model trained successfully
2026-05-21 01:59:31 - fallacy_transformer - INFO - Loading transformer model
2026-05-21 01:59:34 - fallacy_transformer - INFO - Transformer model loaded
2026-05-21 01:59:34 - comparator - INFO - Running model comparison
2026-05-21 01:59:34 - fallacy_lr - INFO - Running LR prediction
2026-05-21 01:59:34 - main - ERROR - Pipeline failed: 'list' object has no attribute 'lower'
2026-05-21 02:04:02 - main - INFO - Initializing ArguFormer V2
2026-05-21 02:04:02 - config - INFO - Loading config from configs/default.yaml
2026-05-21 02:04:02 - config - INFO - Configuration loaded successfully
2026-05-21 02:04:02 - main - INFO - Loading transcript from data/sample_debates.txt
2026-05-21 02:04:02 - preprocessing - INFO - Starting text preprocessing
2026-05-21 02:04:02 - preprocessing - INFO - Text preprocessing completed
2026-05-21 02:04:02 - fallacy_lr - INFO - Initializing LR + TF-IDF model
2026-05-21 02:04:02 - fallacy_lr - INFO - LR model trained successfully
2026-05-21 02:04:02 - fallacy_transformer - INFO - Loading transformer model
2026-05-21 02:08:57 - fallacy_transformer - INFO - Transformer model loaded
2026-05-21 02:08:57 - comparator - INFO - Running model comparison
2026-05-21 02:08:57 - fallacy_lr - INFO - Running LR prediction
2026-05-21 02:08:57 - main - ERROR - Pipeline failed: 'list' object has no attribute 'lower'
